# JRE version: Java(TM) SE Runtime Environment (22.0.1+8) (build 22.0.1+8-16)
# Java VM: Java HotSpot(TM) 64-Bit Server VM (22.0.1+8-16, mixed mode, emulated-client, sharing, tiered, compressed oops, compressed class ptrs, g1 gc, windows-amd64)
GC Precious Log:
 CardTable entry size: 512
 Card Set container configuration: InlinePtr #cards 4 size 8 Array Of Cards #cards 32 size 80 Howl #buckets 8 coarsen threshold 7372 Howl Bitmap #cards 1024 size 144 coarsen threshold 921 Card regions per heap region 1 cards per card region 8192
 CPUs: 8 total, 8 available
 Memory: 24383M
 Large Page Support: Disabled
 NUMA Support: Disabled
 Compressed Oops: Enabled (Zero based)
 Heap Region Size: 4M
 Heap Min Capacity: 8M
 Heap Initial Capacity: 384M
 Heap Max Capacity: 6096M
 Pre-touch: Disabled
 Parallel Workers: 8
 Concurrent Workers: 2
 Concurrent Refinement Workers: 8
 Periodic GC: Disabled
Heap:
 garbage-first heap   total reserved 6242304K, committed 81920K, used 41222K [0x0000000683000000, 0x0000000800000000)
  region size 4096K, 5 young (20480K), 2 survivors (8192K)
 Metaspace       used 68707K, committed 69248K, reserved 1114112K
  class space    used 9779K, committed 9984K, reserved 1048576K
GC Heap History (20 events):
Event: 1.542 GC heap before
{Heap before GC invocations=5 (full 0):
 garbage-first heap   total reserved 6242304K, committed 49152K, used 34570K [0x0000000683000000, 0x0000000800000000)
  region size 4096K, 7 young (28672K), 2 survivors (8192K)
 Metaspace       used 25683K, committed 25984K, reserved 1114112K
  class space    used 3461K, committed 3584K, reserved 1048576K
}
Event: 1.546 GC heap after
{Heap after GC invocations=6 (full 0):
 garbage-first heap   total reserved 6242304K, committed 49152K, used 14610K [0x0000000683000000, 0x0000000800000000)
  region size 4096K, 1 young (4096K), 1 survivors (4096K)
 Metaspace       used 25683K, committed 25984K, reserved 1114112K
  class space    used 3461K, committed 3584K, reserved 1048576K
}
Event: 1.815 GC heap before
{Heap before GC invocations=6 (full 0):
 garbage-first heap   total reserved 6242304K, committed 49152K, used 35090K [0x0000000683000000, 0x0000000800000000)
  region size 4096K, 6 young (24576K), 1 survivors (4096K)
 Metaspace       used 28434K, committed 28800K, reserved 1114112K
  class space    used 3895K, committed 4032K, reserved 1048576K
}
Event: 1.821 GC heap after
{Heap after GC invocations=7 (full 0):
 garbage-first heap   total reserved 6242304K, committed 49152K, used 16285K [0x0000000683000000, 0x0000000800000000)
  region size 4096K, 1 young (4096K), 1 survivors (4096K)
 Metaspace       used 28434K, committed 28800K, reserved 1114112K
  class space    used 3895K, committed 4032K, reserved 1048576K
}
Event: 2.070 GC heap before
{Heap before GC invocations=7 (full 0):
 garbage-first heap   total reserved 6242304K, committed 49152K, used 32669K [0x0000000683000000, 0x0000000800000000)
  region size 4096K, 6 young (24576K), 1 survivors (4096K)
 Metaspace       used 31836K, committed 32256K, reserved 1114112K
  class space    used 4365K, committed 4544K, reserved 1048576K
}
Event: 2.076 GC heap after
{Heap after GC invocations=8 (full 0):
 garbage-first heap   total reserved 6242304K, committed 221184K, used 18550K [0x0000000683000000, 0x0000000800000000)
  region size 4096K, 1 young (4096K), 1 survivors (4096K)
 Metaspace       used 31836K, committed 32256K, reserved 1114112K
  class space    used 4365K, committed 4544K, reserved 1048576K
}
Event: 2.269 GC heap before
{Heap before GC invocations=8 (full 0):
 garbage-first heap   total reserved 6242304K, committed 221184K, used 30838K [0x0000000683000000, 0x0000000800000000)
  region size 4096K, 6 young (24576K), 1 survivors (4096K)
 Metaspace       used 33803K, committed 34176K, reserved 1114112K
  class space    used 4628K, committed 4800K, reserved 1048576K
}
Event: 2.273 GC heap after
{Heap after GC invocations=9 (full 0):
 garbage-first heap   total reserved 6242304K, committed 221184K, used 19914K [0x0000000683000000, 0x0000000800000000)
  region size 4096K, 2 young (8192K), 2 survivors (8192K)
 Metaspace       used 33803K, committed 34176K, reserved 1114112K
  class space    used 4628K, committed 4800K, reserved 1048576K
}
Event: 2.933 GC heap before
{Heap before GC invocations=10 (full 0):
 garbage-first heap   total reserved 6242304K, committed 81920K, used 60874K [0x0000000683000000, 0x0000000800000000)
  region size 4096K, 12 young (49152K), 2 survivors (8192K)
 Metaspace       used 46962K, committed 47360K, reserved 1114112K
  class space    used 6531K, committed 6720K, reserved 1048576K
}
Event: 2.940 GC heap after
{Heap after GC invocations=11 (full 0):
 garbage-first heap   total reserved 6242304K, committed 81920K, used 23313K [0x0000000683000000, 0x0000000800000000)
  region size 4096K, 2 young (8192K), 2 survivors (8192K)
 Metaspace       used 46962K, committed 47360K, reserved 1114112K
  class space    used 6531K, committed 6720K, reserved 1048576K
}
Event: 3.507 GC heap before
{Heap before GC invocations=11 (full 0):
 garbage-first heap   total reserved 6242304K, committed 81920K, used 64273K [0x0000000683000000, 0x0000000800000000)
  region size 4096K, 12 young (49152K), 2 survivors (8192K)
 Metaspace       used 55188K, committed 55680K, reserved 1114112K
  class space    used 7786K, committed 8000K, reserved 1048576K
}
Event: 3.518 GC heap after
{Heap after GC invocations=12 (full 0):
 garbage-first heap   total reserved 6242304K, committed 81920K, used 25627K [0x0000000683000000, 0x0000000800000000)
  region size 4096K, 2 young (8192K), 2 survivors (8192K)
 Metaspace       used 55188K, committed 55680K, reserved 1114112K
  class space    used 7786K, committed 8000K, reserved 1048576K
}
Event: 3.682 GC heap before
{Heap before GC invocations=12 (full 0):
 garbage-first heap   total reserved 6242304K, committed 81920K, used 42011K [0x0000000683000000, 0x0000000800000000)
  region size 4096K, 7 young (28672K), 2 survivors (8192K)
 Metaspace       used 56953K, committed 57408K, reserved 1114112K
  class space    used 8053K, committed 8256K, reserved 1048576K
}
Event: 3.686 GC heap after
{Heap after GC invocations=13 (full 0):
 garbage-first heap   total reserved 6242304K, committed 81920K, used 26852K [0x0000000683000000, 0x0000000800000000)
  region size 4096K, 1 young (4096K), 1 survivors (4096K)
 Metaspace       used 56953K, committed 57408K, reserved 1114112K
  class space    used 8053K, committed 8256K, reserved 1048576K
}
Event: 4.030 GC heap before
{Heap before GC invocations=14 (full 0):
 garbage-first heap   total reserved 6242304K, committed 81920K, used 67812K [0x0000000683000000, 0x0000000800000000)
  region size 4096K, 11 young (45056K), 1 survivors (4096K)
 Metaspace       used 58561K, committed 59008K, reserved 1114112K
  class space    used 8353K, committed 8512K, reserved 1048576K
}
Event: 4.033 GC heap after
{Heap after GC invocations=15 (full 0):
 garbage-first heap   total reserved 6242304K, committed 81920K, used 28223K [0x0000000683000000, 0x0000000800000000)
  region size 4096K, 2 young (8192K), 2 survivors (8192K)
 Metaspace       used 58561K, committed 59008K, reserved 1114112K
  class space    used 8353K, committed 8512K, reserved 1048576K
}
Event: 7.129 GC heap before
{Heap before GC invocations=15 (full 0):
 garbage-first heap   total reserved 6242304K, committed 81920K, used 65087K [0x0000000683000000, 0x0000000800000000)
  region size 4096K, 11 young (45056K), 2 survivors (8192K)
 Metaspace       used 62315K, committed 62848K, reserved 1114112K
  class space    used 8879K, committed 9088K, reserved 1048576K
}
Event: 7.134 GC heap after
{Heap after GC invocations=16 (full 0):
 garbage-first heap   total reserved 6242304K, committed 81920K, used 30797K [0x0000000683000000, 0x0000000800000000)
  region size 4096K, 2 young (8192K), 2 survivors (8192K)
 Metaspace       used 62315K, committed 62848K, reserved 1114112K
  class space    used 8879K, committed 9088K, reserved 1048576K
}
Event: 204.790 GC heap before
{Heap before GC invocations=16 (full 0):
 garbage-first heap   total reserved 6242304K, committed 81920K, used 63565K [0x0000000683000000, 0x0000000800000000)
  region size 4096K, 10 young (40960K), 2 survivors (8192K)
 Metaspace       used 68579K, committed 69120K, reserved 1114112K
  class space    used 9760K, committed 9984K, reserved 1048576K
}
Event: 204.795 GC heap after
{Heap after GC invocations=17 (full 0):
 garbage-first heap   total reserved 6242304K, committed 81920K, used 33030K [0x0000000683000000, 0x0000000800000000)
  region size 4096K, 2 young (8192K), 2 survivors (8192K)
 Metaspace       used 68579K, committed 69120K, reserved 1114112K
  class space    used 9760K, committed 9984K, reserved 1048576K
}

